<?xml version="1.0" encoding="UTF-8"?>
<!-- Generated by org.testng.reporters.JUnitXMLReporter -->
<testsuite ignored="0" hostname="PG027YYZ" failures="0" tests="22" name="Default test" time="494.19" errors="0" timestamp="2023-12-11T17:10:51 IST">
  <testcase classname="Test.LoginPageTest" name="loginPage" time="4.168"/>
  <testcase classname="Test.LoginPageTest" name="VerifyLeftpanel" time="3.725"/>
  <testcase classname="Test.LoginPageTest" name="leftPanelSearch" time="6.379"/>
  <testcase classname="Test.LoginPageTest" name="HeaderElement" time="9.617"/>
  <testcase classname="Test.LoginPageTest" name="FooterVerification" time="9.224"/>
  <testcase classname="Test.LoginPageTest" name="helpicon" time="6.496"/>
  <testcase classname="Test.LoginPageTest" name="admintabfunctionality" time="14.698"/>
  <testcase classname="Test.LoginPageTest" name="UserManagementMenu" time="27.201"/>
  <testcase classname="Test.LoginPageTest" name="jobmenu" time="24.011"/>
  <testcase classname="Test.LoginPageTest" name="organizationMenu" time="24.092"/>
  <testcase classname="Test.LoginPageTest" name="corporateBrandingTitle" time="35.046"/>
  <testcase classname="Test.LoginPageTest" name="qualificationMenu" time="23.99"/>
  <testcase classname="Test.LoginPageTest" name="configurationMenu" time="23.802"/>
  <testcase classname="Test.LoginPageTest" name="nationalitiesmMenu" time="28.267"/>
  <testcase classname="Test.LoginPageTest" name="corporateBrandingMenu" time="21.468"/>
  <testcase classname="Test.LoginPageTest" name="expandCollapseFunctionality" time="24.147"/>
  <testcase classname="Test.LoginPageTest" name="nationalitiesDeleteIcon" time="50.976"/>
  <testcase classname="Test.LoginPageTest" name="nationalitieseditIcon" time="39.668"/>
  <testcase classname="Test.LoginPageTest" name="nationalitiesEditPageCancel" time="46.223"/>
  <testcase classname="Test.LoginPageTest" name="addFromNationalities" time="43.625"/>
  <testcase classname="Test.LoginPageTest" name="collapseBar" time="7.024"/>
  <testcase classname="Test.LoginPageTest" name="expandBar" time="9.152"/>
</testsuite> <!-- Default test -->
