<?xml version="1.0" encoding="UTF-8"?>
<!-- Generated by org.testng.reporters.JUnitXMLReporter -->
<testsuite ignored="0" hostname="PG027YYZ" failures="0" tests="22" name="Default test" time="511.376" errors="0" timestamp="2023-12-08T21:02:43 IST">
  <testcase classname="Test.LoginPageTest" name="loginPage" time="5.251"/>
  <testcase classname="Test.LoginPageTest" name="VerifyLeftpanel" time="4.614"/>
  <testcase classname="Test.LoginPageTest" name="leftPanelSearch" time="6.912"/>
  <testcase classname="Test.LoginPageTest" name="HeaderElement" time="9.604"/>
  <testcase classname="Test.LoginPageTest" name="FooterVerification" time="9.3"/>
  <testcase classname="Test.LoginPageTest" name="helpicon" time="7.772"/>
  <testcase classname="Test.LoginPageTest" name="admintabfunctionality" time="15.182"/>
  <testcase classname="Test.LoginPageTest" name="UserManagementMenu" time="27.441"/>
  <testcase classname="Test.LoginPageTest" name="jobmenu" time="24.686"/>
  <testcase classname="Test.LoginPageTest" name="organizationMenu" time="24.922"/>
  <testcase classname="Test.LoginPageTest" name="corporateBrandingTitle" time="35.595"/>
  <testcase classname="Test.LoginPageTest" name="qualificationMenu" time="24.388"/>
  <testcase classname="Test.LoginPageTest" name="configurationMenu" time="24.37"/>
  <testcase classname="Test.LoginPageTest" name="nationalitiesmMenu" time="29.325"/>
  <testcase classname="Test.LoginPageTest" name="corporateBrandingMenu" time="22.306"/>
  <testcase classname="Test.LoginPageTest" name="expandCollapseFunctionality" time="26.313"/>
  <testcase classname="Test.LoginPageTest" name="nationalitiesDeleteIcon" time="51.876"/>
  <testcase classname="Test.LoginPageTest" name="nationalitieseditIcon" time="40.672"/>
  <testcase classname="Test.LoginPageTest" name="nationalitiesEditPageCancel" time="47.271"/>
  <testcase classname="Test.LoginPageTest" name="addFromNationalities" time="43.801"/>
  <testcase classname="Test.LoginPageTest" name="collapseBar" time="7.188"/>
  <testcase classname="Test.LoginPageTest" name="expandBar" time="8.809"/>
</testsuite> <!-- Default test -->
